INFO:root:Missing pipeline option (runner). Executing pipeline using the default runner: DirectRunner.
INFO:apache_beam.runners.worker.statecache:Creating state cache with size 104857600
INFO:root:Missing pipeline option (runner). Executing pipeline using the default runner: DirectRunner.
INFO:apache_beam.runners.worker.statecache:Creating state cache with size 104857600
INFO:root:Cannot find Protein: ('ADGRL1',)
INFO:root:Cannot find Protein: ('ADAM32',)
INFO:root:Cannot find Protein: ('ABCA1',)
INFO:root:Cannot find Protein: ('ABCA12',)
INFO:root:Cannot find Protein: ('ABCA10',)
INFO:root:Cannot find Protein: ('ABCA13',)
INFO:root:Cannot find Protein: ('ABCA3',)
INFO:root:Cannot find Protein: ('ABCA8',)
INFO:root:Cannot find Protein: ('ABCB8',)
INFO:root:Cannot find Protein: ('ALMS1',)
INFO:root:Cannot find Protein: ('ABCA2',)
INFO:root:Missing pipeline option (runner). Executing pipeline using the default runner: DirectRunner.
INFO:apache_beam.runners.worker.statecache:Creating state cache with size 104857600
INFO:root:Cannot find Protein: ('ADGRL1',)
INFO:root:Cannot find Protein: ('ADAM32',)
INFO:root:Cannot find Protein: ('ABCA1',)
INFO:root:Cannot find Protein: ('ABCA12',)
INFO:root:Cannot find Protein: ('ABCA10',)
INFO:root:Cannot find Protein: ('ABCA13',)
INFO:root:Cannot find Protein: ('ABCA3',)
INFO:root:Cannot find Protein: ('ABCA8',)
INFO:root:Cannot find Protein: ('ABCB8',)
INFO:root:Cannot find Protein: ('ALMS1',)
INFO:root:Cannot find Protein: ('ABCA2',)
INFO:root:Cannot find Protein: ('AK4',)
INFO:root:Cannot find Protein: ('AGTR2',)
INFO:root:Cannot find Protein: ('AKR1C2',)
INFO:root:Cannot find Protein: ('ABCC2',)
INFO:root:Cannot find Protein: ('ABCC8',)
INFO:root:Cannot find Protein: ('ABCC3',)
INFO:root:Cannot find Protein: ('ABHD11',)
INFO:root:Cannot find Protein: ('AK9',)
INFO:root:Cannot find Protein: ('ABHD3',)
INFO:root:Cannot find Protein: ('ABO',)
INFO:root:Cannot find Protein: ('ABLIM1',)
INFO:root:Cannot find Protein: ('ABTB1',)
INFO:root:Cannot find Protein: ('AGGF1',)
INFO:root:Cannot find Protein: ('ACACB',)
INFO:root:Cannot find Protein: ('ACAD8',)
INFO:root:Cannot find Protein: ('AKNA',)
INFO:root:Cannot find Protein: ('AGRN',)
INFO:root:Cannot find Protein: ('ACBD6',)
INFO:root:Cannot find Protein: ('AKAP9',)
INFO:root:Cannot find Protein: ('ACBD3',)
INFO:root:Cannot find Protein: ('ADGRB3',)
INFO:root:Cannot find Protein: ('AKR7A2',)
INFO:root:Cannot find Protein: ('ALAS1',)
INFO:root:Cannot find Protein: ('ACE2',)
INFO:root:Cannot find Protein: ('ALG3',)
INFO:root:Cannot find Protein: ('ACOT4',)
INFO:root:Cannot find Protein: ('AIPL1',)
INFO:root:Cannot find Protein: ('ALKBH2',)
INFO:root:Cannot find Protein: ('ARMC2',)
INFO:root:Cannot find Protein: ('ARMC5',)
INFO:root:Cannot find Protein: ('ACSS2',)
INFO:root:Cannot find Protein: ('AHNAK',)
INFO:root:Cannot find Protein: ('AHCYL1',)
INFO:root:Cannot find Protein: ('ALDH7A1',)
INFO:root:Cannot find Protein: ('ALKBH6',)
INFO:root:Cannot find Protein: ('AMN',)
INFO:root:Cannot find Protein: ('ADAD1',)
INFO:root:Cannot find Protein: ('AGFG2',)
INFO:root:Cannot find Protein: ('ASIC3',)
INFO:root:Cannot find Protein: ('ADAMTS9',)
INFO:root:Cannot find Protein: ('ADCK2',)
INFO:root:Cannot find Protein: ('ADGRL2',)
INFO:root:Cannot find Protein: ('ADGRG4',)
INFO:root:Cannot find Protein: ('ADCY10',)
INFO:root:Cannot find Protein: ('ADAMTS5',)
INFO:root:Cannot find Protein: ('ARAP2',)
INFO:root:Cannot find Protein: ('ARHGEF28',)
INFO:root:Cannot find Protein: ('ANK2',)
INFO:root:Cannot find Protein: ('ANKFN1',)
INFO:root:Cannot find Protein: ('ATP10A',)
INFO:root:Cannot find Protein: ('ANK3',)
INFO:root:Cannot find Protein: ('ASH1L',)
INFO:root:Cannot find Protein: ('ANKRD12',)
INFO:root:Cannot find Protein: ('CARS2',)
INFO:root:Cannot find Protein: ('ARID4B',)
INFO:root:Cannot find Protein: ('ANKRD11',)
INFO:root:Cannot find Protein: ('ARV1',)
INFO:root:Cannot find Protein: ('ANKRA2',)
INFO:root:Cannot find Protein: ('ASXL2',)
INFO:root:Cannot find Protein: ('ANKRD6',)
INFO:root:Cannot find Protein: ('ANKRD54',)
INFO:root:Cannot find Protein: ('ARHGAP23',)
INFO:root:Cannot find Protein: ('A2ML1',)
INFO:root:Cannot find Protein: ('ARHGEF4',)
INFO:root:Cannot find Protein: ('ANLN',)
INFO:root:Cannot find Protein: ('ARHGAP40',)
INFO:root:Cannot find Protein: ('ASNS',)
INFO:root:Cannot find Protein: ('ANPEP',)
INFO:root:Missing pipeline option (runner). Executing pipeline using the default runner: DirectRunner.
INFO:apache_beam.runners.worker.statecache:Creating state cache with size 104857600
INFO:root:Finished! in 
INFO:root:Missing pipeline option (runner). Executing pipeline using the default runner: DirectRunner.
INFO:apache_beam.runners.worker.statecache:Creating state cache with size 104857600
INFO:root:Finished in 1.334946632385254
INFO:root:Missing pipeline option (runner). Executing pipeline using the default runner: DirectRunner.
INFO:apache_beam.runners.worker.statecache:Creating state cache with size 104857600
INFO:root:Finished in 1.3361103534698486
INFO:root:Missing pipeline option (runner). Executing pipeline using the default runner: DirectRunner.
INFO:apache_beam.runners.worker.statecache:Creating state cache with size 104857600
INFO:root:Execution time: 1.33 seconds
INFO:root:Missing pipeline option (runner). Executing pipeline using the default runner: DirectRunner.
INFO:apache_beam.runners.worker.statecache:Creating state cache with size 104857600
INFO:root:Execution time: 1.33 seconds
INFO:root:Missing pipeline option (runner). Executing pipeline using the default runner: DirectRunner.
INFO:apache_beam.runners.worker.statecache:Creating state cache with size 104857600
INFO:root:Cannot find Protein: ('AP2A1',)
INFO:root:Cannot find Protein: ('AP5Z1',)
INFO:root:Cannot find Protein: ('ATP13A1',)
INFO:root:Execution time: 42.77 seconds
INFO:root:Missing pipeline option (runner). Executing pipeline using the default runner: DirectRunner.
INFO:apache_beam.runners.worker.statecache:Creating state cache with size 104857600
INFO:root:Cannot find Protein: ('AP3B1',)
INFO:root:Cannot find Protein: ('ARHGEF17',)
INFO:root:Cannot find Protein: ('APMAP',)
INFO:root:Execution time: 41.57 seconds
INFO:root:Missing pipeline option (runner). Executing pipeline using the default runner: DirectRunner.
INFO:apache_beam.runners.worker.statecache:Creating state cache with size 104857600
INFO:root:Cannot find Protein: ('ATP11B',)
INFO:root:Cannot find Protein: ('ARHGEF10L',)
INFO:root:Cannot find Protein: ('APOL3',)
INFO:root:Cannot find Protein: ('ARL17B',)
INFO:root:Cannot find Protein: ('ARHGAP32',)
INFO:root:Cannot find Protein: ('ARFGEF3',)
INFO:root:Execution time: 77.61 seconds
INFO:root:Missing pipeline option (runner). Executing pipeline using the default runner: DirectRunner.
INFO:apache_beam.runners.worker.statecache:Creating state cache with size 104857600
INFO:root:Cannot find Protein: ('BLTP1',)
INFO:root:Cannot find Protein: ('ATP6V0B',)
INFO:root:Cannot find Protein: ('ATP7B',)
INFO:root:Cannot find Protein: ('AZIN1',)
INFO:root:Cannot find Protein: ('CAMK2G',)
INFO:root:Cannot find Protein: ('C14orf93',)
INFO:root:Cannot find Protein: ('B3GAT1',)
INFO:root:Cannot find Protein: ('B3GAT3',)
INFO:root:Cannot find Protein: ('B3GAT2',)
INFO:root:Cannot find Protein: ('CAMSAP1',)
INFO:root:Cannot find Protein: ('CAMSAP2',)
INFO:root:Cannot find Protein: ('BACH1',)
INFO:root:Cannot find Protein: ('BSN',)
INFO:root:Cannot find Protein: ('B3GNT5',)
INFO:root:Cannot find Protein: ('BTN2A1',)
INFO:root:Cannot find Protein: ('CCNB1IP1',)
INFO:root:Cannot find Protein: ('CAMTA1',)
INFO:root:Cannot find Protein: ('ASPM',)
INFO:root:Cannot find Protein: ('BRWD1',)
INFO:root:Cannot find Protein: ('BCAS3',)
INFO:root:Cannot find Protein: ('BCO2',)
INFO:root:Cannot find Protein: ('BCL9L',)
INFO:root:Cannot find Protein: ('BCL7C',)
INFO:root:Cannot find Protein: ('BNIP3',)
INFO:root:Cannot find Protein: ('C1QBP',)
INFO:root:Cannot find Protein: ('BDP1',)
INFO:root:Cannot find Protein: ('C1RL',)
INFO:root:Cannot find Protein: ('BICD1',)
INFO:root:Cannot find Protein: ('BPTF',)
INFO:root:Cannot find Protein: ('CCAR2',)
INFO:root:Cannot find Protein: ('CYP51A1',)
INFO:root:Cannot find Protein: ('CCDC6',)
INFO:root:Cannot find Protein: ('C19orf53',)
INFO:root:Cannot find Protein: ('C22orf15',)
INFO:root:Cannot find Protein: ('C2orf68',)
INFO:root:Cannot find Protein: ('CBFA2T2',)
INFO:root:Cannot find Protein: ('CBLIF',)
INFO:root:Cannot find Protein: ('C4A',)
INFO:root:Cannot find Protein: ('C2orf92',)
INFO:root:Cannot find Protein: ('CCDC88B',)
INFO:root:Cannot find Protein: ('CARF',)
INFO:root:Cannot find Protein: ('CC2D2A',)
INFO:root:Cannot find Protein: ('C5orf24',)
INFO:root:Cannot find Protein: ('CC2D1A',)
INFO:root:Cannot find Protein: ('C4orf50',)
INFO:root:Cannot find Protein: ('CCDC187',)
INFO:root:Cannot find Protein: ('CBFB',)
INFO:root:Cannot find Protein: ('C8orf58',)
INFO:root:Cannot find Protein: ('C8orf74',)
INFO:root:Cannot find Protein: ('CACNA1I',)
INFO:root:Cannot find Protein: ('CACNA1G',)
INFO:root:Cannot find Protein: ('CACNA1A',)
INFO:root:Cannot find Protein: ('CCDC40',)
INFO:root:Cannot find Protein: ('C8orf82',)
INFO:root:Cannot find Protein: ('CCDC141',)
INFO:root:Cannot find Protein: ('C9orf85',)
INFO:root:Cannot find Protein: ('CCDC43',)
INFO:root:Cannot find Protein: ('CCDC144A',)
INFO:root:Cannot find Protein: ('CCDC74A',)
INFO:root:Cannot find Protein: ('CCNYL1B',)
INFO:root:Cannot find Protein: ('CCDC73',)
INFO:root:Cannot find Protein: ('CCDC171',)
INFO:root:Cannot find Protein: ('CADPS2',)
INFO:root:Cannot find Protein: ('CACNG8',)
INFO:root:Cannot find Protein: ('CADPS',)
INFO:root:Cannot find Protein: ('CASD1',)
INFO:root:Cannot find Protein: ('CCDC142',)
INFO:root:Cannot find Protein: ('CCDC7',)
INFO:root:Cannot find Protein: ('CCDC42',)
INFO:root:Cannot find Protein: ('CAPN8',)
INFO:root:Cannot find Protein: ('CEP131',)
INFO:root:Cannot find Protein: ('CERS5',)
INFO:root:Cannot find Protein: ('CELSR1',)
INFO:root:Cannot find Protein: ('CFAP44',)
INFO:root:Cannot find Protein: ('CEP126',)
INFO:root:Cannot find Protein: ('CCSER1',)
INFO:root:Cannot find Protein: ('CD109',)
INFO:root:Cannot find Protein: ('CFAP54',)
INFO:root:Cannot find Protein: ('CEP170',)
INFO:root:Cannot find Protein: ('CELSR2',)
INFO:root:Cannot find Protein: ('DPPA3',)
INFO:root:Cannot find Protein: ('CENPO',)
INFO:root:Cannot find Protein: ('CELF3',)
INFO:root:Cannot find Protein: ('CD24',)
INFO:root:Cannot find Protein: ('CD163',)
INFO:root:Cannot find Protein: ('CELSR3',)
INFO:root:Cannot find Protein: ('CD300LF',)
INFO:root:Cannot find Protein: ('CHD3',)
INFO:root:Cannot find Protein: ('CD46',)
INFO:root:Cannot find Protein: ('CDO1',)
INFO:root:Cannot find Protein: ('CES1',)
INFO:root:Cannot find Protein: ('CHD5',)
INFO:root:Cannot find Protein: ('CD68',)
INFO:root:Cannot find Protein: ('CFAP47',)
INFO:root:Cannot find Protein: ('CHI3L1',)
INFO:root:Cannot find Protein: ('CD81',)
INFO:root:Cannot find Protein: ('CFAP43',)
INFO:root:Cannot find Protein: ('CEP76',)
INFO:root:Cannot find Protein: ('CFAP97',)
INFO:root:Cannot find Protein: ('CDC20B',)
INFO:root:Cannot find Protein: ('CD55',)
INFO:root:Cannot find Protein: ('CDC42BPB',)
INFO:root:Cannot find Protein: ('CDC42BPA',)
INFO:root:Cannot find Protein: ('CFAP57',)
INFO:root:Cannot find Protein: ('CDK13',)
INFO:root:Cannot find Protein: ('CDH3',)
INFO:root:Cannot find Protein: ('CETN3',)
INFO:root:Cannot find Protein: ('CFAP46',)
INFO:root:Cannot find Protein: ('CHRM1',)
INFO:root:Cannot find Protein: ('CDKL1',)
INFO:root:Cannot find Protein: ('CERS3',)
INFO:root:Cannot find Protein: ('CDKN2AIPNL',)
INFO:root:Cannot find Protein: ('CHD9',)
INFO:root:Cannot find Protein: ('CDV3',)
INFO:root:Cannot find Protein: ('CENPV',)
INFO:root:Cannot find Protein: ('CHTF18',)
INFO:root:Cannot find Protein: ('CEP104',)
INFO:root:Execution time: 1706.49 seconds
INFO:root:Missing pipeline option (runner). Executing pipeline using the default runner: DirectRunner.
INFO:apache_beam.runners.worker.statecache:Creating state cache with size 104857600
INFO:root:Missing pipeline option (runner). Executing pipeline using the default runner: DirectRunner.
INFO:apache_beam.runners.worker.statecache:Creating state cache with size 104857600
INFO:root:Cannot find Protein: ('COL4A6',)
INFO:root:Cannot find Protein: ('CLASP2',)
INFO:root:Cannot find Protein: ('CLASP1',)
INFO:root:Cannot find Protein: ('CLCN1',)
INFO:root:Cannot find Protein: ('CRYBG1',)
INFO:root:Cannot find Protein: ('DIP2C',)
INFO:root:Cannot find Protein: ('CPSF2',)
INFO:root:Cannot find Protein: ('COL3A1',)
INFO:root:Cannot find Protein: ('COMTD1',)
INFO:root:Cannot find Protein: ('EIF4H',)
INFO:root:Cannot find Protein: ('DNAH9',)
INFO:root:Cannot find Protein: ('COG3',)
INFO:root:Cannot find Protein: ('DHX34',)
INFO:root:Cannot find Protein: ('COMMD1',)
INFO:root:Cannot find Protein: ('DLST',)
INFO:root:Cannot find Protein: ('DNAJB13',)
INFO:root:Cannot find Protein: ('DUSP11',)
INFO:root:Cannot find Protein: ('CRTC3',)
INFO:root:Cannot find Protein: ('COL5A1',)
INFO:root:Cannot find Protein: ('DZIP1L',)
INFO:root:Cannot find Protein: ('DNAJC1',)
INFO:root:Cannot find Protein: ('CRACR2A',)
INFO:root:Cannot find Protein: ('CLU',)
INFO:root:Cannot find Protein: ('COX6C',)
INFO:root:Cannot find Protein: ('COX11',)
INFO:root:Cannot find Protein: ('CRACR2B',)
INFO:root:Cannot find Protein: ('CNGB3',)
INFO:root:Cannot find Protein: ('COL4A1',)
INFO:root:Cannot find Protein: ('COL6A1',)
INFO:root:Cannot find Protein: ('CPAMD8',)
INFO:root:Cannot find Protein: ('CNGB1',)
INFO:root:Cannot find Protein: ('CNOT11',)
INFO:root:Cannot find Protein: ('DHRS4',)
INFO:root:Cannot find Protein: ('COMMD5',)
INFO:root:Cannot find Protein: ('DHRS7',)
INFO:root:Cannot find Protein: ('DIS3L2',)
INFO:root:Cannot find Protein: ('CNPY4',)
INFO:root:Cannot find Protein: ('CMTR1',)
INFO:root:Cannot find Protein: ('CMYA5',)
INFO:root:Cannot find Protein: ('COL17A1',)
INFO:root:Cannot find Protein: ('DIO3',)
INFO:root:Cannot find Protein: ('CNTNAP2',)
INFO:root:Cannot find Protein: ('COPG1',)
INFO:root:Cannot find Protein: ('COG7',)
INFO:root:Cannot find Protein: ('DHX9',)
INFO:root:Cannot find Protein: ('COL18A1',)
INFO:root:Cannot find Protein: ('COL12A1',)
INFO:root:Cannot find Protein: ('COX19',)
INFO:root:Cannot find Protein: ('CPSF4',)
INFO:root:Cannot find Protein: ('COL4A2',)
INFO:root:Cannot find Protein: ('DCHS1',)
INFO:root:Cannot find Protein: ('CSMD2',)
INFO:root:Cannot find Protein: ('CSMD3',)
INFO:root:Cannot find Protein: ('CSNK1A1',)
INFO:root:Cannot find Protein: ('DDX18',)
INFO:root:Cannot find Protein: ('CSNK2A2',)
INFO:root:Cannot find Protein: ('DCDC2',)
INFO:root:Cannot find Protein: ('H2AC19',)
INFO:root:Cannot find Protein: ('DAPK1',)
INFO:root:Cannot find Protein: ('CTTNBP2',)
INFO:root:Cannot find Protein: ('DENND4B',)
INFO:root:Cannot find Protein: ('CTDSPL2',)
INFO:root:Cannot find Protein: ('DAG1',)
INFO:root:Cannot find Protein: ('CTDSPL',)
INFO:root:Cannot find Protein: ('CTPS2',)
INFO:root:Cannot find Protein: ('DCAF17',)
INFO:root:Cannot find Protein: ('DDX24',)
INFO:root:Cannot find Protein: ('DENND4C',)
INFO:root:Cannot find Protein: ('CUL5',)
INFO:root:Cannot find Protein: ('DCAF8',)
INFO:root:Cannot find Protein: ('DDX60L',)
INFO:root:Cannot find Protein: ('CX3CL1',)
INFO:root:Cannot find Protein: ('DDX42',)
INFO:root:Cannot find Protein: ('CYB5R1',)
INFO:root:Cannot find Protein: ('CYFIP1',)
INFO:root:Cannot find Protein: ('CYTH4',)
INFO:root:Cannot find Protein: ('DDX46',)
INFO:root:Cannot find Protein: ('DGKD',)
INFO:root:Cannot find Protein: ('CYP2W1',)
INFO:root:Cannot find Protein: ('CYTL1',)
INFO:root:Cannot find Protein: ('CYP4F12',)
INFO:root:Cannot find Protein: ('EBP',)
INFO:root:Cannot find Protein: ('DLG5',)
INFO:root:Cannot find Protein: ('EFR3A',)
INFO:root:Cannot find Protein: ('DMXL2',)
INFO:root:Cannot find Protein: ('EFEMP2',)
INFO:root:Cannot find Protein: ('DMBT1',)
INFO:root:Cannot find Protein: ('DMD',)
INFO:root:Cannot find Protein: ('DMXL1',)
INFO:root:Cannot find Protein: ('EFCAB2',)
INFO:root:Cannot find Protein: ('DSC3',)
INFO:root:Cannot find Protein: ('DNAH2',)
INFO:root:Cannot find Protein: ('DNAH8',)
INFO:root:Cannot find Protein: ('DNAH17',)
INFO:root:Cannot find Protein: ('DNAH1',)
INFO:root:Cannot find Protein: ('DNAH7',)
INFO:root:Cannot find Protein: ('DNAH3',)
INFO:root:Cannot find Protein: ('DVL2',)
INFO:root:Cannot find Protein: ('EFCAB14',)
INFO:root:Cannot find Protein: ('DNAH12',)
INFO:root:Cannot find Protein: ('EFHD1',)
INFO:root:Cannot find Protein: ('ECSIT',)
INFO:root:Cannot find Protein: ('EFHD2',)
INFO:root:Cannot find Protein: ('DNAJC8',)
INFO:root:Cannot find Protein: ('DNHD1',)
INFO:root:Cannot find Protein: ('DNASE1L2',)
INFO:root:Cannot find Protein: ('DOC2A',)
INFO:root:Cannot find Protein: ('EIF4G3',)
INFO:root:Cannot find Protein: ('DYNC2H1',)
INFO:root:Cannot find Protein: ('DOK1',)
INFO:root:Cannot find Protein: ('DOK6',)
INFO:root:Cannot find Protein: ('EFCAB8',)
INFO:root:Cannot find Protein: ('DPEP2',)
INFO:root:Cannot find Protein: ('DOP1A',)
INFO:root:Cannot find Protein: ('EMC1',)
INFO:root:Cannot find Protein: ('DRC3',)
INFO:root:Cannot find Protein: ('ELMO2',)
INFO:root:Cannot find Protein: ('DSCAML1',)
INFO:root:Cannot find Protein: ('DSG2',)
INFO:root:Cannot find Protein: ('DYSF',)
INFO:root:Cannot find Protein: ('DSTYK',)
INFO:root:Cannot find Protein: ('FAM90A16',)
INFO:root:Cannot find Protein: ('DTL',)
INFO:root:Cannot find Protein: ('EMC7',)
INFO:root:Cannot find Protein: ('EEPD1',)
INFO:root:Cannot find Protein: ('DTX2',)
INFO:root:Cannot find Protein: ('DUS3L',)
INFO:root:Cannot find Protein: ('ENTPD1',)
INFO:root:Cannot find Protein: ('EML5',)
INFO:root:Cannot find Protein: ('FAM90A11',)
INFO:root:Cannot find Protein: ('ENGASE',)
INFO:root:Cannot find Protein: ('FAM110A',)
INFO:root:Cannot find Protein: ('FAM174B',)
INFO:root:Cannot find Protein: ('FASN',)
INFO:root:Cannot find Protein: ('FAF2',)
INFO:root:Cannot find Protein: ('ENTPD6',)
INFO:root:Cannot find Protein: ('FASTKD3',)
INFO:root:Cannot find Protein: ('EP300',)
INFO:root:Cannot find Protein: ('FARP2',)
INFO:root:Cannot find Protein: ('ENTPD7',)
INFO:root:Cannot find Protein: ('DCHS2',)
INFO:root:Cannot find Protein: ('FAAH',)
INFO:root:Cannot find Protein: ('FAAP20',)
INFO:root:Cannot find Protein: ('FAM90A17',)
INFO:root:Cannot find Protein: ('FBXO21',)
INFO:root:Cannot find Protein: ('FMN1',)
INFO:root:Cannot find Protein: ('FLYWCH2',)
INFO:root:Cannot find Protein: ('EPS15L1',)
INFO:root:Cannot find Protein: ('FLYWCH1',)
INFO:root:Cannot find Protein: ('EPM2AIP1',)
INFO:root:Cannot find Protein: ('ERAP2',)
INFO:root:Cannot find Protein: ('FAT3',)
INFO:root:Cannot find Protein: ('FAT2',)
INFO:root:Cannot find Protein: ('FAT1',)
INFO:root:Cannot find Protein: ('ERFE',)
INFO:root:Cannot find Protein: ('FAM81B',)
INFO:root:Cannot find Protein: ('FAM90A19',)
INFO:root:Cannot find Protein: ('ERMARD',)
INFO:root:Cannot find Protein: ('FAM13B',)
INFO:root:Cannot find Protein: ('ERLIN1',)
INFO:root:Cannot find Protein: ('FBRS',)
INFO:root:Cannot find Protein: ('FBN3',)
INFO:root:Cannot find Protein: ('H2AC14',)
INFO:root:Cannot find Protein: ('ESRP2',)
INFO:root:Cannot find Protein: ('ETF1',)
INFO:root:Cannot find Protein: ('EPS15',)
INFO:root:Cannot find Protein: ('FAM78B',)
INFO:root:Cannot find Protein: ('FBL',)
INFO:root:Cannot find Protein: ('FAM90A18',)
INFO:root:Cannot find Protein: ('H2AC13',)
INFO:root:Cannot find Protein: ('EXTL3',)
INFO:root:Cannot find Protein: ('FAM131B',)
INFO:root:Cannot find Protein: ('H2AC11',)
INFO:root:Cannot find Protein: ('FAM90A3',)
INFO:root:Cannot find Protein: ('EVL',)
INFO:root:Cannot find Protein: ('F13A1',)
INFO:root:Cannot find Protein: ('F2',)
INFO:root:Cannot find Protein: ('EYS',)
INFO:root:Cannot find Protein: ('FADS3',)
INFO:root:Cannot find Protein: ('H2AC16',)
INFO:root:Cannot find Protein: ('FAM117B',)
INFO:root:Cannot find Protein: ('FST',)
INFO:root:Cannot find Protein: ('FCGRT',)
INFO:root:Cannot find Protein: ('GAB4',)
INFO:root:Cannot find Protein: ('FRAS1',)
INFO:root:Cannot find Protein: ('FERMT2',)
INFO:root:Cannot find Protein: ('FRY',)
INFO:root:Cannot find Protein: ('GCC1',)
INFO:root:Cannot find Protein: ('FHAD1',)
INFO:root:Cannot find Protein: ('FIBCD1',)
INFO:root:Cannot find Protein: ('FHOD3',)
INFO:root:Cannot find Protein: ('FKBP1B',)
INFO:root:Cannot find Protein: ('FKBP14',)
INFO:root:Cannot find Protein: ('FKBP3',)
INFO:root:Cannot find Protein: ('FKTN',)
INFO:root:Cannot find Protein: ('FLVCR1',)
INFO:root:Cannot find Protein: ('GCFC2',)
INFO:root:Cannot find Protein: ('H2AC12',)
INFO:root:Cannot find Protein: ('FOLR1',)
INFO:root:Cannot find Protein: ('FRMPD3',)
INFO:root:Cannot find Protein: ('GDF11',)
INFO:root:Cannot find Protein: ('GFAP',)
INFO:root:Cannot find Protein: ('G6PC3',)
INFO:root:Cannot find Protein: ('FREM2',)
INFO:root:Cannot find Protein: ('G3BP2',)
INFO:root:Cannot find Protein: ('FRYL',)
INFO:root:Cannot find Protein: ('GSE1',)
INFO:root:Cannot find Protein: ('GYPB',)
INFO:root:Execution time: 2220.58 seconds
INFO:root:Missing pipeline option (runner). Executing pipeline using the default runner: DirectRunner.
INFO:apache_beam.runners.worker.statecache:Creating state cache with size 104857600
INFO:root:Cannot find Protein: ('GYG2',)
INFO:root:Cannot find Protein: ('GLDC',)
INFO:root:Cannot find Protein: ('HSF4',)
INFO:root:Cannot find Protein: ('GLB1L',)
INFO:root:Cannot find Protein: ('GPHN',)
INFO:root:Cannot find Protein: ('GTF3C3',)
INFO:root:Cannot find Protein: ('MARCHF6',)
INFO:root:Cannot find Protein: ('GLUD1',)
INFO:root:Cannot find Protein: ('GLT8D2',)
INFO:root:Cannot find Protein: ('GLYAT',)
INFO:root:Cannot find Protein: ('GMFB',)
INFO:root:Cannot find Protein: ('GM2A',)
INFO:root:Cannot find Protein: ('HSD11B1',)
INFO:root:Cannot find Protein: ('GALNT16',)
INFO:root:Cannot find Protein: ('GALNT15',)
INFO:root:Cannot find Protein: ('GOLGA8G',)
INFO:root:Cannot find Protein: ('HRAS',)
INFO:root:Cannot find Protein: ('GREB1',)
INFO:root:Cannot find Protein: ('GRN',)
INFO:root:Cannot find Protein: ('GOLGA8F',)
INFO:root:Cannot find Protein: ('GOLGA6L26',)
INFO:root:Cannot find Protein: ('H2AC15',)
INFO:root:Cannot find Protein: ('GRAMD4',)
INFO:root:Cannot find Protein: ('GOLGA5',)
INFO:root:Cannot find Protein: ('H2AC17',)
INFO:root:Cannot find Protein: ('GTPBP2',)
INFO:root:Cannot find Protein: ('GOLGA6L25',)
INFO:root:Cannot find Protein: ('GSR',)
INFO:root:Cannot find Protein: ('GPCPD1',)
INFO:root:Cannot find Protein: ('GRIN3B',)
INFO:root:Cannot find Protein: ('GPC4',)
INFO:root:Cannot find Protein: ('GOLGA6L24',)
INFO:root:Cannot find Protein: ('GON7',)
INFO:root:Cannot find Protein: ('GP5',)
INFO:root:Cannot find Protein: ('GOLGB1',)
INFO:root:Cannot find Protein: ('GPX6',)
INFO:root:Cannot find Protein: ('GPX1',)
INFO:root:Cannot find Protein: ('LDHB',)
INFO:root:Cannot find Protein: ('H2AC25',)
INFO:root:Cannot find Protein: ('H2AC20',)
INFO:root:Cannot find Protein: ('H2AC21',)
INFO:root:Cannot find Protein: ('HSPA14',)
INFO:root:Cannot find Protein: ('HOMER3',)
INFO:root:Cannot find Protein: ('H2BN1',)
INFO:root:Cannot find Protein: ('HSF2BP',)
INFO:root:Cannot find Protein: ('HACE1',)
INFO:root:Cannot find Protein: ('HAP1',)
INFO:root:Cannot find Protein: ('HAND2',)
INFO:root:Cannot find Protein: ('HCN3',)
INFO:root:Cannot find Protein: ('HCFC2',)
INFO:root:Cannot find Protein: ('HMGXB3',)
INFO:root:Cannot find Protein: ('HSPG2',)
INFO:root:Cannot find Protein: ('KANSL2',)
INFO:root:Cannot find Protein: ('ICOSLG',)
INFO:root:Cannot find Protein: ('HYOU1',)
INFO:root:Cannot find Protein: ('HECTD4',)
INFO:root:Cannot find Protein: ('HECA',)
INFO:root:Cannot find Protein: ('IFFO1',)
INFO:root:Cannot find Protein: ('HECW1',)
INFO:root:Cannot find Protein: ('HEATR5A',)
INFO:root:Cannot find Protein: ('HEATR5B',)
INFO:root:Cannot find Protein: ('HMBS',)
INFO:root:Cannot find Protein: ('IAPP',)
INFO:root:Cannot find Protein: ('HELZ',)
INFO:root:Cannot find Protein: ('ITPR2',)
INFO:root:Cannot find Protein: ('HERC1',)
INFO:root:Cannot find Protein: ('HMCN2',)
INFO:root:Cannot find Protein: ('HMCN1',)
INFO:root:Cannot find Protein: ('HNRNPL',)
INFO:root:Cannot find Protein: ('HRNR',)
INFO:root:Cannot find Protein: ('HGD',)
INFO:root:Cannot find Protein: ('HID1',)
INFO:root:Cannot find Protein: ('IRAK1BP1',)
INFO:root:Cannot find Protein: ('HLA-A',)
INFO:root:Cannot find Protein: ('HIVEP2',)
INFO:root:Cannot find Protein: ('HNMT',)
INFO:root:Cannot find Protein: ('ITGB5',)
INFO:root:Cannot find Protein: ('IQSEC2',)
INFO:root:Cannot find Protein: ('IZUMO4',)
INFO:root:Cannot find Protein: ('JADE1',)
INFO:root:Cannot find Protein: ('IFT22',)
INFO:root:Cannot find Protein: ('IPO9',)
INFO:root:Cannot find Protein: ('JAKMIP2',)
INFO:root:Cannot find Protein: ('ITIH5',)
INFO:root:Cannot find Protein: ('IGF1R',)
INFO:root:Cannot find Protein: ('JAZF1',)
INFO:root:Cannot find Protein: ('IGSF9',)
INFO:root:Cannot find Protein: ('IGFBP4',)
INFO:root:Cannot find Protein: ('KALRN',)
INFO:root:Cannot find Protein: ('IPO8',)
INFO:root:Cannot find Protein: ('ITIH1',)
INFO:root:Cannot find Protein: ('IL10RB',)
INFO:root:Cannot find Protein: ('KAT5',)
INFO:root:Cannot find Protein: ('ITGB4',)
INFO:root:Cannot find Protein: ('ITGA5',)
INFO:root:Cannot find Protein: ('IL36RN',)
INFO:root:Cannot find Protein: ('KCNC4',)
INFO:root:Cannot find Protein: ('IL4',)
INFO:root:Cannot find Protein: ('KCMF1',)
INFO:root:Cannot find Protein: ('IMMP1L',)
INFO:root:Cannot find Protein: ('ITGA3',)
INFO:root:Cannot find Protein: ('INO80E',)
INFO:root:Cannot find Protein: ('ITPRIP',)
INFO:root:Cannot find Protein: ('IQGAP1',)
INFO:root:Cannot find Protein: ('INPP5E',)
INFO:root:Cannot find Protein: ('INPPL1',)
INFO:root:Cannot find Protein: ('INSIG1',)
INFO:root:Cannot find Protein: ('JOSD2',)
INFO:root:Cannot find Protein: ('INTS10',)
INFO:root:Cannot find Protein: ('INTS4',)
INFO:root:Cannot find Protein: ('INTS13',)
INFO:root:Cannot find Protein: ('IPMK',)
INFO:root:Cannot find Protein: ('LENG8',)
INFO:root:Cannot find Protein: ('KCNK4',)
INFO:root:Cannot find Protein: ('KCTD13',)
INFO:root:Cannot find Protein: ('KXD1',)
INFO:root:Cannot find Protein: ('LAMA2',)
INFO:root:Cannot find Protein: ('LAMA3',)
INFO:root:Cannot find Protein: ('KDM6A',)
INFO:root:Cannot find Protein: ('LANCL1',)
INFO:root:Cannot find Protein: ('KDM5B',)
INFO:root:Cannot find Protein: ('KDM5A',)
INFO:root:Cannot find Protein: ('KIAA0586',)
INFO:root:Cannot find Protein: ('KREMEN1',)
INFO:root:Cannot find Protein: ('METTL8',)
INFO:root:Cannot find Protein: ('LDLRAD3',)
INFO:root:Cannot find Protein: ('KIAA1217',)
INFO:root:Cannot find Protein: ('KIAA1549L',)
INFO:root:Cannot find Protein: ('KIAA1210',)
INFO:root:Cannot find Protein: ('KIF2A',)
INFO:root:Cannot find Protein: ('KIF22',)
INFO:root:Cannot find Protein: ('KIF6',)
INFO:root:Cannot find Protein: ('KIAA1549',)
INFO:root:Cannot find Protein: ('KIAA1328',)
INFO:root:Cannot find Protein: ('KIF1B',)
INFO:root:Cannot find Protein: ('MEGF8',)
INFO:root:Cannot find Protein: ('KIF13A',)
INFO:root:Cannot find Protein: ('KIF20A',)
INFO:root:Cannot find Protein: ('KIF21B',)
INFO:root:Cannot find Protein: ('LAS1L',)
INFO:root:Cannot find Protein: ('KRT17',)
INFO:root:Cannot find Protein: ('LCE7A',)
INFO:root:Cannot find Protein: ('LARP4B',)
INFO:root:Cannot find Protein: ('LEMD2',)
INFO:root:Cannot find Protein: ('LCORL',)
INFO:root:Cannot find Protein: ('KLHL42',)
INFO:root:Cannot find Protein: ('KLHL5',)
INFO:root:Cannot find Protein: ('KMT2C',)
INFO:root:Cannot find Protein: ('KRR1',)
INFO:root:Cannot find Protein: ('KMT2D',)
INFO:root:Cannot find Protein: ('L2HGDH',)
INFO:root:Cannot find Protein: ('KNL1',)
INFO:root:Cannot find Protein: ('KPNA5',)
INFO:root:Cannot find Protein: ('MAL',)
INFO:root:Cannot find Protein: ('MAN2B1',)
INFO:root:Cannot find Protein: ('LCP2',)
INFO:root:Cannot find Protein: ('MAP3K19',)
INFO:root:Cannot find Protein: ('MARK3',)
INFO:root:Cannot find Protein: ('LGALS3BP',)
INFO:root:Cannot find Protein: ('MAP3K5',)
INFO:root:Cannot find Protein: ('LEPROTL1',)
INFO:root:Cannot find Protein: ('MADD',)
INFO:root:Cannot find Protein: ('LGI2',)
INFO:root:Cannot find Protein: ('LZTFL1',)
INFO:root:Cannot find Protein: ('LHX1',)
INFO:root:Cannot find Protein: ('LHFPL4',)
INFO:root:Cannot find Protein: ('LILRA2',)
INFO:root:Cannot find Protein: ('LRRC37A',)
INFO:root:Cannot find Protein: ('LOXL1',)
INFO:root:Cannot find Protein: ('MAP3K4',)
INFO:root:Cannot find Protein: ('LYST',)
INFO:root:Cannot find Protein: ('LIMD1',)
INFO:root:Cannot find Protein: ('MSI1',)
INFO:root:Cannot find Protein: ('LIN7A',)
INFO:root:Cannot find Protein: ('LTBP2',)
INFO:root:Cannot find Protein: ('LLGL2',)
INFO:root:Cannot find Protein: ('LIPT2',)
INFO:root:Cannot find Protein: ('LRRK1',)
INFO:root:Cannot find Protein: ('NGEF',)
INFO:root:Cannot find Protein: ('LSAMP',)
INFO:root:Cannot find Protein: ('LMO1',)
INFO:root:Cannot find Protein: ('LSG1',)
INFO:root:Cannot find Protein: ('MAPK1',)
INFO:root:Cannot find Protein: ('MAP4K4',)
INFO:root:Cannot find Protein: ('MAN2A2',)
INFO:root:Cannot find Protein: ('LTBP4',)
INFO:root:Cannot find Protein: ('LOXHD1',)
INFO:root:Cannot find Protein: ('LRBA',)
INFO:root:Cannot find Protein: ('MACF1',)
INFO:root:Cannot find Protein: ('LRP1B',)
INFO:root:Cannot find Protein: ('LRPPRC',)
INFO:root:Cannot find Protein: ('LRP10',)
INFO:root:Cannot find Protein: ('MAGI3',)
INFO:root:Cannot find Protein: ('LTBP1',)
INFO:root:Cannot find Protein: ('LRRC45',)
INFO:root:Cannot find Protein: ('LRRC47',)
INFO:root:Cannot find Protein: ('LRRC4C',)
INFO:root:Cannot find Protein: ('LRRC7',)
INFO:root:Cannot find Protein: ('MATN2',)
INFO:root:Cannot find Protein: ('MBD6',)
INFO:root:Cannot find Protein: ('MPRIP',)
INFO:root:Cannot find Protein: ('MRO',)
INFO:root:Cannot find Protein: ('MMP11',)
INFO:root:Cannot find Protein: ('MDGA1',)
INFO:root:Cannot find Protein: ('NBEA',)
INFO:root:Cannot find Protein: ('MPV17L2',)
INFO:root:Cannot find Protein: ('MINK1',)
INFO:root:Cannot find Protein: ('MED12L',)
INFO:root:Cannot find Protein: ('MORN3',)
INFO:root:Cannot find Protein: ('MED27',)
INFO:root:Cannot find Protein: ('MRI1',)
INFO:root:Cannot find Protein: ('MED4',)
INFO:root:Cannot find Protein: ('NFAT5',)
INFO:root:Cannot find Protein: ('LY6S',)
INFO:root:Cannot find Protein: ('MRPL1',)
INFO:root:Cannot find Protein: ('MPHOSPH9',)
INFO:root:Cannot find Protein: ('MFHAS1',)
INFO:root:Cannot find Protein: ('MN1',)
INFO:root:Cannot find Protein: ('MGAT4B',)
INFO:root:Cannot find Protein: ('MICAL2',)
INFO:root:Cannot find Protein: ('MICAL3',)
INFO:root:Cannot find Protein: ('NDRG2',)
INFO:root:Cannot find Protein: ('NDUFAF2',)
INFO:root:Cannot find Protein: ('NEK10',)
INFO:root:Cannot find Protein: ('NCDN',)
INFO:root:Cannot find Protein: ('MST1R',)
INFO:root:Cannot find Protein: ('MST1',)
INFO:root:Cannot find Protein: ('NCOA3',)
INFO:root:Cannot find Protein: ('MUC17',)
INFO:root:Cannot find Protein: ('MSRA',)
INFO:root:Cannot find Protein: ('NBPF19',)
INFO:root:Cannot find Protein: ('MTAP',)
INFO:root:Cannot find Protein: ('NBPF10',)
INFO:root:Cannot find Protein: ('MTHFS',)
INFO:root:Cannot find Protein: ('MTF2',)
INFO:root:Cannot find Protein: ('NCOR1',)
INFO:root:Cannot find Protein: ('MTFR2',)
INFO:root:Cannot find Protein: ('MYH1',)
INFO:root:Cannot find Protein: ('NEXMIF',)
INFO:root:Cannot find Protein: ('N4BP2L1',)
INFO:root:Cannot find Protein: ('NCOA6',)
INFO:root:Cannot find Protein: ('NFATC2IP',)
INFO:root:Cannot find Protein: ('MTMR14',)
INFO:root:Cannot find Protein: ('MUC5AC',)
INFO:root:Cannot find Protein: ('MYCBP2',)
INFO:root:Cannot find Protein: ('MUC4',)
INFO:root:Cannot find Protein: ('NBAS',)
INFO:root:Cannot find Protein: ('MUC2',)
INFO:root:Cannot find Protein: ('MUC16',)
INFO:root:Execution time: 3559.79 seconds
INFO:root:Missing pipeline option (runner). Executing pipeline using the default runner: DirectRunner.
INFO:apache_beam.runners.worker.statecache:Creating state cache with size 104857600
INFO:root:Missing pipeline option (runner). Executing pipeline using the default runner: DirectRunner.
INFO:apache_beam.runners.worker.statecache:Creating state cache with size 104857600
INFO:root:Cannot find Protein: ('MYO15B',)
INFO:root:Cannot find Protein: ('NBPF14',)
INFO:root:Cannot find Protein: ('NF1',)
INFO:root:Cannot find Protein: ('NFKB1',)
INFO:root:Cannot find Protein: ('NBPF20',)
INFO:root:Cannot find Protein: ('MYOT',)
INFO:root:Cannot find Protein: ('NEO1',)
INFO:root:Cannot find Protein: ('NEURL4',)
INFO:root:Cannot find Protein: ('NEK11',)
INFO:root:Cannot find Protein: ('NFKBIZ',)
INFO:root:Cannot find Protein: ('NF2',)
INFO:root:Cannot find Protein: ('NISCH',)
INFO:root:Cannot find Protein: ('NUCB1',)
INFO:root:Cannot find Protein: ('NIFK',)
INFO:root:Cannot find Protein: ('NLGN4Y',)
INFO:root:Cannot find Protein: ('MYBBP1A',)
INFO:root:Cannot find Protein: ('NID2',)
INFO:root:Cannot find Protein: ('NIPSNAP1',)
INFO:root:Cannot find Protein: ('NUP210L',)
INFO:root:Cannot find Protein: ('NRIP1',)
INFO:root:Cannot find Protein: ('NSD1',)
INFO:root:Cannot find Protein: ('NT5DC2',)
INFO:root:Cannot find Protein: ('NUP98',)
INFO:root:Cannot find Protein: ('NT5DC3',)
INFO:root:Cannot find Protein: ('NRAP',)
INFO:root:Cannot find Protein: ('NOMO1',)
INFO:root:Cannot find Protein: ('NOL12',)
INFO:root:Cannot find Protein: ('NOL7',)
INFO:root:Cannot find Protein: ('OPRD1',)
INFO:root:Cannot find Protein: ('NSRP1',)
INFO:root:Cannot find Protein: ('NOTCH4',)
INFO:root:Cannot find Protein: ('NKAIN1',)
INFO:root:Cannot find Protein: ('OBSCN',)
INFO:root:Cannot find Protein: ('OAF',)
INFO:root:Cannot find Protein: ('OPN1MW',)
INFO:root:Cannot find Protein: ('NPC1L1',)
INFO:root:Cannot find Accession for: ('NPAP1L',)
INFO:root:Cannot find Protein: ('NPIPB15',)
INFO:root:Cannot find Protein: ('PALB2',)
INFO:root:Cannot find Protein: ('PANK2',)
INFO:root:Cannot find Protein: ('NSL1',)
INFO:root:Cannot find Protein: ('NSF',)
INFO:root:Cannot find Protein: ('NXN',)
INFO:root:Cannot find Protein: ('MXD4',)
INFO:root:Cannot find Protein: ('NWD1',)
INFO:root:Cannot find Protein: ('OCM',)
INFO:root:Cannot find Protein: ('NUP153',)
INFO:root:Cannot find Protein: ('NOMO3',)
INFO:root:Cannot find Protein: ('P3H4',)
INFO:root:Cannot find Protein: ('OTOG',)
INFO:root:Cannot find Protein: ('P2RY14',)
INFO:root:Cannot find Protein: ('P2RY10',)
INFO:root:Cannot find Protein: ('RBPJ',)
INFO:root:Cannot find Protein: ('QDPR',)
INFO:root:Cannot find Protein: ('QKI',)
INFO:root:Cannot find Protein: ('QSER1',)
INFO:root:Cannot find Protein: ('R3HDM2',)
INFO:root:Cannot find Protein: ('QSOX2',)
INFO:root:Cannot find Protein: ('R3HDM1',)
INFO:root:Cannot find Protein: ('R3HCC1',)
INFO:root:Cannot find Protein: ('OTOA',)
INFO:root:Missing pipeline option (runner). Executing pipeline using the default runner: DirectRunner.
INFO:apache_beam.runners.worker.statecache:Creating state cache with size 104857600
INFO:root:Cannot find Protein: ('MYH7',)
INFO:root:Cannot find Protein: ('MYG1',)
INFO:root:Cannot find Protein: ('NETO2',)
INFO:root:Cannot find Protein: ('N6AMT1',)
INFO:root:Cannot find Protein: ('MYO9B',)
INFO:root:Cannot find Protein: ('MYO9A',)
INFO:root:Cannot find Protein: ('NDUFAB1',)
INFO:root:Cannot find Protein: ('MYO15B',)
INFO:root:Cannot find Protein: ('NBPF14',)
INFO:root:Cannot find Protein: ('NF1',)
INFO:root:Cannot find Protein: ('NFKB1',)
INFO:root:Cannot find Protein: ('NBPF20',)
INFO:root:Cannot find Protein: ('MYOT',)
INFO:root:Cannot find Protein: ('NEO1',)
INFO:root:Cannot find Protein: ('NEURL4',)
INFO:root:Cannot find Protein: ('NEK11',)
INFO:root:Cannot find Protein: ('NFKBIZ',)
INFO:root:Cannot find Protein: ('NF2',)
INFO:root:Cannot find Protein: ('NISCH',)
INFO:root:Cannot find Protein: ('NUCB1',)
INFO:root:Cannot find Protein: ('NIFK',)
INFO:root:Cannot find Protein: ('NLGN4Y',)
INFO:root:Cannot find Protein: ('MYBBP1A',)
INFO:root:Cannot find Protein: ('NID2',)
INFO:root:Cannot find Protein: ('NIPSNAP1',)
INFO:root:Cannot find Protein: ('NUP210L',)
INFO:root:Cannot find Protein: ('NRIP1',)
INFO:root:Cannot find Protein: ('NSD1',)
INFO:root:Cannot find Protein: ('NT5DC2',)
INFO:root:Cannot find Protein: ('NUP98',)
INFO:root:Cannot find Protein: ('NT5DC3',)
INFO:root:Cannot find Protein: ('NRAP',)
INFO:root:Cannot find Protein: ('NOMO1',)
INFO:root:Cannot find Protein: ('NOL12',)
INFO:root:Cannot find Protein: ('NOL7',)
INFO:root:Cannot find Protein: ('OPRD1',)
INFO:root:Cannot find Protein: ('NSRP1',)
INFO:root:Cannot find Protein: ('NOTCH4',)
INFO:root:Cannot find Protein: ('NKAIN1',)
INFO:root:Cannot find Protein: ('OBSCN',)
INFO:root:Cannot find Protein: ('OAF',)
INFO:root:Cannot find Protein: ('OPN1MW',)
INFO:root:Cannot find Protein: ('NPC1L1',)
INFO:root:Cannot find Accession for: ('NPAP1L',)
INFO:root:Cannot find Protein: ('NPIPB15',)
INFO:root:Cannot find Protein: ('PALB2',)
INFO:root:Cannot find Protein: ('PANK2',)
INFO:root:Cannot find Protein: ('NSL1',)
INFO:root:Cannot find Protein: ('NSF',)
INFO:root:Cannot find Protein: ('NXN',)
INFO:root:Cannot find Protein: ('MXD4',)
INFO:root:Cannot find Protein: ('NWD1',)
INFO:root:Cannot find Protein: ('OCM',)
INFO:root:Cannot find Protein: ('NUP153',)
INFO:root:Cannot find Protein: ('NOMO3',)
INFO:root:Cannot find Protein: ('P3H4',)
INFO:root:Cannot find Protein: ('OTOG',)
INFO:root:Cannot find Protein: ('P2RY14',)
INFO:root:Cannot find Protein: ('P2RY10',)
INFO:root:Cannot find Protein: ('RBPJ',)
INFO:root:Cannot find Protein: ('QDPR',)
INFO:root:Cannot find Protein: ('QKI',)
INFO:root:Cannot find Protein: ('QSER1',)
INFO:root:Cannot find Protein: ('R3HDM2',)
INFO:root:Cannot find Protein: ('QSOX2',)
INFO:root:Cannot find Protein: ('R3HDM1',)
INFO:root:Cannot find Protein: ('R3HCC1',)
INFO:root:Cannot find Protein: ('OTOA',)
INFO:root:Cannot find Protein: ('PGGHG',)
INFO:root:Cannot find Protein: ('OXNAD1',)
INFO:root:Cannot find Protein: ('OTOF',)
INFO:root:Cannot find Protein: ('PACSIN3',)
INFO:root:Cannot find Protein: ('PACC1',)
INFO:root:Cannot find Protein: ('PACS1',)
INFO:root:Cannot find Protein: ('PAEP',)
INFO:root:Cannot find Protein: ('PARP6',)
INFO:root:Cannot find Protein: ('PATE2',)
INFO:root:Cannot find Protein: ('PAX8',)
INFO:root:Cannot find Protein: ('PAXBP1',)
INFO:root:Cannot find Protein: ('PCDH11X',)
INFO:root:Cannot find Protein: ('PBRM1',)
INFO:root:Cannot find Accession for: ('PCDHA@',)
INFO:root:Cannot find Protein: ('PCCA',)
INFO:root:Cannot find Accession for: ('PCDHG@',)
INFO:root:Cannot find Protein: ('PCID2',)
INFO:root:Cannot find Protein: ('PCDHB@',)
INFO:root:Cannot find Protein: ('PCED1A',)
INFO:root:Cannot find Protein: ('PCLO',)
INFO:root:Cannot find Protein: ('PCNX1',)
INFO:root:Cannot find Protein: ('PET100',)
INFO:root:Cannot find Protein: ('PCNT',)
INFO:root:Cannot find Protein: ('PDC',)
INFO:root:Cannot find Protein: ('PDCD2L',)
INFO:root:Cannot find Protein: ('PCSK6',)
INFO:root:Cannot find Protein: ('PDIA2',)
INFO:root:Cannot find Protein: ('PDZD8',)
INFO:root:Cannot find Protein: ('PTGS2',)
INFO:root:Cannot find Protein: ('RAB11FIP1',)
INFO:root:Cannot find Protein: ('RAB18',)
INFO:root:Cannot find Protein: ('RAB19',)
INFO:root:Cannot find Protein: ('RALGAPA2',)
INFO:root:Cannot find Protein: ('RAB36',)
INFO:root:Cannot find Protein: ('RBM24',)
INFO:root:Cannot find Protein: ('RBM41',)
INFO:root:Cannot find Protein: ('R3HDM4',)
INFO:root:Cannot find Protein: ('PRODH2',)
INFO:root:Cannot find Protein: ('RBMX',)
INFO:root:Cannot find Protein: ('RAD54L',)
INFO:root:Cannot find Protein: ('RAE1',)
INFO:root:Cannot find Protein: ('RALGAPB',)
INFO:root:Cannot find Protein: ('RBM4B',)
INFO:root:Cannot find Protein: ('RANBP2',)
INFO:root:Cannot find Protein: ('RALA',)
INFO:root:Cannot find Protein: ('RARG',)
INFO:root:Cannot find Protein: ('PRMT6',)
INFO:root:Cannot find Protein: ('RASA4',)
INFO:root:Cannot find Protein: ('RBM48',)
INFO:root:Cannot find Protein: ('RBM45',)
INFO:root:Cannot find Protein: ('RBCK1',)
INFO:root:Cannot find Protein: ('RASGRP3',)
INFO:root:Cannot find Protein: ('PRR27',)
INFO:root:Cannot find Protein: ('PRRC2C',)
INFO:root:Cannot find Protein: ('PAPPA',)
INFO:root:Cannot find Protein: ('PVR',)
INFO:root:Cannot find Protein: ('PGAP4',)
INFO:root:Cannot find Protein: ('PSMF1',)
INFO:root:Cannot find Protein: ('PTCH1',)
INFO:root:Cannot find Protein: ('PSMD4',)
INFO:root:Cannot find Protein: ('PSMD13',)
INFO:root:Cannot find Protein: ('PHIP',)
INFO:root:Cannot find Protein: ('PRRT1',)
INFO:root:Cannot find Protein: ('PRUNE2',)
INFO:root:Cannot find Protein: ('PTPN2',)
INFO:root:Cannot find Protein: ('PYGB',)
INFO:root:Cannot find Protein: ('PSD2',)
INFO:root:Cannot find Protein: ('PSME1',)
INFO:root:Cannot find Protein: ('PSMD3',)
INFO:root:Cannot find Protein: ('PTPRM',)
INFO:root:Cannot find Protein: ('PRKD3',)
INFO:root:Cannot find Protein: ('PHRF1',)
INFO:root:Cannot find Protein: ('PTPRB',)
INFO:root:Cannot find Protein: ('PIEZO2',)
INFO:root:Cannot find Protein: ('PTPRK',)
INFO:root:Cannot find Protein: ('PSIP1',)
INFO:root:Cannot find Protein: ('PXMP2',)
INFO:root:Cannot find Protein: ('PSMD5',)
INFO:root:Cannot find Protein: ('PID1',)
INFO:root:Cannot find Protein: ('PIGO',)
INFO:root:Cannot find Protein: ('PIGH',)
INFO:root:Cannot find Protein: ('PIGQ',)
INFO:root:Cannot find Protein: ('PTPRZ1',)
INFO:root:Cannot find Protein: ('PRSS57',)
INFO:root:Cannot find Protein: ('PIH1D2',)
INFO:root:Cannot find Protein: ('PTPRF',)
INFO:root:Cannot find Protein: ('PRSS21',)
INFO:root:Cannot find Protein: ('PRXL2C',)
INFO:root:Cannot find Protein: ('PIKFYVE',)
INFO:root:Cannot find Protein: ('PSMA7',)
INFO:root:Cannot find Protein: ('PTRH1',)
INFO:root:Cannot find Protein: ('POU6F2',)
INFO:root:Cannot find Protein: ('PTAR1',)
INFO:root:Cannot find Protein: ('PTPRT',)
INFO:root:Cannot find Protein: ('PRY',)
INFO:root:Cannot find Protein: ('PSTK',)
INFO:root:Cannot find Protein: ('PRRC2B',)
INFO:root:Cannot find Protein: ('PKD1',)
INFO:root:Cannot find Protein: ('PKP1',)
INFO:root:Cannot find Protein: ('PKD1L1',)
INFO:root:Cannot find Protein: ('PKNOX1',)
INFO:root:Cannot find Protein: ('PLAA',)
INFO:root:Cannot find Protein: ('PLCD3',)
INFO:root:Cannot find Protein: ('PRKACA',)
INFO:root:Cannot find Protein: ('PLD3',)
INFO:root:Cannot find Protein: ('PLB1',)
INFO:root:Cannot find Protein: ('PKDCC',)
INFO:root:Cannot find Protein: ('PKHD1L1',)
INFO:root:Cannot find Protein: ('PPP1R35',)
INFO:root:Cannot find Protein: ('PLEC',)
INFO:root:Cannot find Protein: ('PLCZ1',)
INFO:root:Cannot find Protein: ('PPM1M',)
INFO:root:Cannot find Protein: ('PLEKHA7',)
INFO:root:Cannot find Protein: ('PLEKHG1',)
INFO:root:Cannot find Protein: ('PLEKHH1',)
INFO:root:Cannot find Protein: ('PLCL2',)
INFO:root:Cannot find Protein: ('POLRMT',)
INFO:root:Cannot find Protein: ('PLEKHG4B',)
INFO:root:Cannot find Protein: ('PLCH2',)
INFO:root:Cannot find Protein: ('PPP3R1',)
INFO:root:Cannot find Protein: ('POLR2A',)
INFO:root:Cannot find Protein: ('PLOD1',)
INFO:root:Cannot find Protein: ('PRKAR2A',)
INFO:root:Cannot find Protein: ('PLCG2',)
INFO:root:Cannot find Protein: ('POPDC2',)
INFO:root:Cannot find Protein: ('PMF1',)
INFO:root:Cannot find Protein: ('PLXNA4',)
INFO:root:Cannot find Protein: ('PRELID1',)
INFO:root:Cannot find Protein: ('PPAT',)
INFO:root:Cannot find Protein: ('PLXNA1',)
INFO:root:Cannot find Protein: ('PREX2',)
INFO:root:Cannot find Protein: ('PREX1',)
INFO:root:Cannot find Protein: ('PPP1R3F',)
INFO:root:Cannot find Protein: ('PPFIA4',)
INFO:root:Cannot find Protein: ('PPP2R2D',)
INFO:root:Cannot find Protein: ('POLR1A',)
INFO:root:Cannot find Protein: ('POC1A',)
INFO:root:Cannot find Protein: ('PPY',)
INFO:root:Cannot find Protein: ('RDH8',)
INFO:root:Cannot find Protein: ('RALGAPA1',)
INFO:root:Cannot find Protein: ('SMARCA1',)
INFO:root:Cannot find Protein: ('SLIT3',)
INFO:root:Cannot find Protein: ('REPS1',)
INFO:root:Cannot find Protein: ('SLX4IP',)
INFO:root:Cannot find Protein: ('SMARCC1',)
INFO:root:Cannot find Protein: ('RNF169',)
INFO:root:Cannot find Protein: ('RNF217',)
INFO:root:Cannot find Protein: ('RGPD6',)
INFO:root:Cannot find Protein: ('RGS12',)
INFO:root:Cannot find Protein: ('ROCK2',)
INFO:root:Cannot find Protein: ('RHCG',)
INFO:root:Cannot find Protein: ('RHOBTB3',)
INFO:root:Cannot find Protein: ('RHOT2',)
INFO:root:Cannot find Protein: ('RIC1',)
INFO:root:Cannot find Protein: ('RPL13',)
INFO:root:Cannot find Protein: ('RNF40',)
INFO:root:Cannot find Protein: ('RLN2',)
INFO:root:Cannot find Protein: ('RLF',)
INFO:root:Cannot find Protein: ('RNF125',)
INFO:root:Cannot find Protein: ('RNF144A',)
INFO:root:Cannot find Protein: ('PSMC6',)
INFO:root:Cannot find Protein: ('SLC38A4',)
INFO:root:Cannot find Protein: ('SLC25A1',)
INFO:root:Cannot find Protein: ('SLC15A4',)
INFO:root:Cannot find Protein: ('SLC38A3',)
INFO:root:Cannot find Protein: ('SLC35F5',)
INFO:root:Cannot find Protein: ('SLC30A5',)
INFO:root:Cannot find Protein: ('RPRD2',)
INFO:root:Cannot find Protein: ('RPRD1B',)
INFO:root:Cannot find Protein: ('RPLP2',)
INFO:root:Cannot find Protein: ('SLC15A3',)
INFO:root:Cannot find Protein: ('SLC36A2',)
INFO:root:Cannot find Protein: ('SLC25A23',)
INFO:root:Cannot find Protein: ('SLC22A11',)
INFO:root:Cannot find Protein: ('SLC7A11',)
INFO:root:Cannot find Protein: ('SH2B3',)
INFO:root:Cannot find Protein: ('SLC4A2',)
INFO:root:Cannot find Protein: ('SH3PXD2B',)
INFO:root:Cannot find Protein: ('SLC22A12',)
INFO:root:Cannot find Protein: ('SLC25A16',)
INFO:root:Cannot find Protein: ('SHC2',)
INFO:root:Cannot find Protein: ('SGSM3',)
INFO:root:Cannot find Protein: ('SHISA8',)
INFO:root:Cannot find Protein: ('SLC2A10',)
INFO:root:Cannot find Protein: ('SHMT1',)
INFO:root:Cannot find Protein: ('SIK3',)
INFO:root:Cannot find Protein: ('SLC4A1AP',)
INFO:root:Cannot find Protein: ('SIPA1L2',)
INFO:root:Cannot find Protein: ('SIGLEC1',)
INFO:root:Cannot find Protein: ('SLC43A1',)
INFO:root:Cannot find Protein: ('SGSM2',)
INFO:root:Cannot find Protein: ('SLC12A7',)
INFO:root:Cannot find Protein: ('SLC16A10',)
INFO:root:Cannot find Protein: ('RPS6KC1',)
INFO:root:Cannot find Protein: ('SLC18B1',)
INFO:root:Cannot find Protein: ('SLC7A6',)
INFO:root:Cannot find Protein: ('SEC23IP',)
INFO:root:Cannot find Protein: ('SEM1',)
INFO:root:Cannot find Protein: ('SLC9A6',)
INFO:root:Cannot find Protein: ('RPSA2',)
INFO:root:Cannot find Protein: ('RPSA',)
INFO:root:Cannot find Protein: ('RREB1',)
INFO:root:Cannot find Protein: ('SELENON',)
INFO:root:Cannot find Protein: ('RSF1',)
INFO:root:Cannot find Protein: ('SELENOV',)
INFO:root:Cannot find Protein: ('RSAD2',)
INFO:root:Cannot find Protein: ('RSC1A1',)
INFO:root:Cannot find Protein: ('SCRN2',)
INFO:root:Cannot find Protein: ('SELENOT',)
INFO:root:Cannot find Protein: ('SEPHS2',)
INFO:root:Cannot find Protein: ('RYR1',)
INFO:root:Cannot find Protein: ('RYR3',)
INFO:root:Cannot find Protein: ('RTL1',)
INFO:root:Cannot find Protein: ('SCNN1G',)
INFO:root:Cannot find Protein: ('SCN2A',)
INFO:root:Cannot find Protein: ('RTTN',)
INFO:root:Cannot find Protein: ('RUNDC1',)
INFO:root:Cannot find Protein: ('RUSC2',)
INFO:root:Cannot find Protein: ('SELENOF',)
INFO:root:Cannot find Protein: ('SERPINA3',)
INFO:root:Cannot find Protein: ('SELENOH',)
INFO:root:Cannot find Protein: ('SACS',)
INFO:root:Cannot find Protein: ('RYK',)
INFO:root:Cannot find Protein: ('SGIP1',)
INFO:root:Cannot find Protein: ('SERPINE1',)
INFO:root:Cannot find Protein: ('SAP18',)
INFO:root:Cannot find Protein: ('SAR1A',)
INFO:root:Cannot find Protein: ('SELENOM',)
INFO:root:Cannot find Protein: ('SATB1',)
INFO:root:Cannot find Protein: ('SEZ6',)
INFO:root:Cannot find Protein: ('SCRIB',)
INFO:root:Cannot find Protein: ('SAMD9',)
INFO:root:Cannot find Protein: ('SMARCA2',)
INFO:root:Cannot find Protein: ('SBF2',)
INFO:root:Cannot find Protein: ('SBF1',)
INFO:root:Cannot find Protein: ('SDK1',)
INFO:root:Cannot find Protein: ('SELENOP',)
INFO:root:Cannot find Protein: ('SCARB2',)
INFO:root:Cannot find Protein: ('SCAPER',)
INFO:root:Cannot find Protein: ('SCCPDH',)
INFO:root:Cannot find Protein: ('SELL',)
INFO:root:Cannot find Protein: ('SCMH1',)
INFO:root:Cannot find Protein: ('SCN11A',)
INFO:root:Cannot find Protein: ('SMG5',)
INFO:root:Cannot find Protein: ('SMG9',)
INFO:root:Cannot find Protein: ('SMG8',)
INFO:root:Cannot find Protein: ('SMCHD1',)
INFO:root:Cannot find Protein: ('SMIM46',)
INFO:root:Cannot find Protein: ('SMTN',)
INFO:root:Cannot find Protein: ('SNAPC4',)
INFO:root:Cannot find Protein: ('SNAP47',)
INFO:root:Cannot find Protein: ('SNAPC1',)
INFO:root:Cannot find Protein: ('SNRNP27',)
INFO:root:Cannot find Protein: ('SLTM',)
INFO:root:Execution time: 5110.95 seconds
INFO:root:Missing pipeline option (runner). Executing pipeline using the default runner: DirectRunner.
INFO:apache_beam.runners.worker.statecache:Creating state cache with size 104857600
INFO:root:Cannot find Protein: ('SPAG4',)
INFO:root:Cannot find Protein: ('SPATA7',)
INFO:root:Cannot find Protein: ('SRSF4',)
INFO:root:Cannot find Protein: ('SPCS1',)
INFO:root:Cannot find Protein: ('SPATS2',)
INFO:root:Cannot find Protein: ('SPDYE18',)
INFO:root:Cannot find Protein: ('SSH3',)
INFO:root:Cannot find Protein: ('SPEG',)
INFO:root:Cannot find Protein: ('SPINDOC',)
INFO:root:Cannot find Protein: ('ST8SIA3',)
INFO:root:Cannot find Protein: ('SPR',)
INFO:root:Cannot find Protein: ('SPON2',)
INFO:root:Cannot find Protein: ('ST8SIA6',)
INFO:root:Cannot find Protein: ('SPTB',)
INFO:root:Cannot find Protein: ('SPTBN4',)
INFO:root:Cannot find Protein: ('SPTAN1',)
INFO:root:Cannot find Protein: ('SPTBN5',)
INFO:root:Cannot find Protein: ('SS18L1',)
INFO:root:Cannot find Protein: ('STAP2',)
INFO:root:Cannot find Protein: ('TAF11L7',)
INFO:root:Cannot find Protein: ('STARD9',)
INFO:root:Cannot find Protein: ('TAF11L6',)
INFO:root:Cannot find Protein: ('STOX2',)
INFO:root:Cannot find Protein: ('TAC3',)
INFO:root:Cannot find Protein: ('STUB1',)
INFO:root:Cannot find Protein: ('UNC5CL',)
INFO:root:Cannot find Protein: ('TAF11L10',)
INFO:root:Cannot find Protein: ('SUN2',)
INFO:root:Cannot find Protein: ('SUSD1',)
INFO:root:Cannot find Protein: ('SVOPL',)
INFO:root:Cannot find Protein: ('SVIL',)
INFO:root:Cannot find Protein: ('SYNE1',)
INFO:root:Cannot find Protein: ('SYNGR2',)
INFO:root:Cannot find Protein: ('TAF11L8',)
INFO:root:Cannot find Protein: ('TAF1',)
INFO:root:Cannot find Protein: ('ZSCAN18',)
INFO:root:Cannot find Protein: ('TAS1R1',)
INFO:root:Cannot find Protein: ('ZZEF1',)
INFO:root:Cannot find Protein: ('TBC1D10B',)
INFO:root:Cannot find Protein: ('TBC1D17',)
INFO:root:Cannot find Protein: ('TATDN3',)
INFO:root:Cannot find Protein: ('TBC1D28',)
INFO:root:Cannot find Protein: ('TBC1D2B',)
INFO:root:Cannot find Protein: ('ZNF785',)
INFO:root:Cannot find Protein: ('VWF',)
INFO:root:Cannot find Protein: ('VCAN',)
INFO:root:Cannot find Protein: ('TBC1D4',)
INFO:root:Cannot find Protein: ('TBCK',)
INFO:root:Cannot find Protein: ('TBCE',)
INFO:root:Cannot find Protein: ('TBL1Y',)
INFO:root:Cannot find Protein: ('ZSWIM8',)
INFO:root:Cannot find Protein: ('TBL1XR1',)
INFO:root:Cannot find Protein: ('ZNF76',)
INFO:root:Cannot find Protein: ('TCERG1',)
INFO:root:Cannot find Protein: ('TP53BP1',)
INFO:root:Cannot find Protein: ('VGLL1',)
INFO:root:Cannot find Protein: ('TCF25',)
INFO:root:Cannot find Protein: ('TCOF1',)
INFO:root:Cannot find Protein: ('ZNHIT3',)
INFO:root:Cannot find Protein: ('TDRD12',)
INFO:root:Cannot find Protein: ('ZNF641',)
INFO:root:Cannot find Protein: ('WDR7',)
INFO:root:Cannot find Protein: ('WDR87',)
INFO:root:Cannot find Protein: ('ZNF710',)
INFO:root:Cannot find Protein: ('WTIP',)
INFO:root:Cannot find Protein: ('VPS51',)
INFO:root:Cannot find Protein: ('ZNF692',)
INFO:root:Cannot find Protein: ('USP34',)
INFO:root:Cannot find Protein: ('USP35',)
INFO:root:Cannot find Protein: ('VPS8',)
INFO:root:Cannot find Protein: ('TMPRSS2',)
INFO:root:Cannot find Protein: ('TNC',)
INFO:root:Cannot find Protein: ('VWA3A',)
INFO:root:Cannot find Protein: ('VWDE',)
INFO:root:Cannot find Protein: ('UTP20',)
INFO:root:Cannot find Protein: ('WIPI1',)
INFO:root:Cannot find Protein: ('WDFY4',)
INFO:root:Cannot find Protein: ('USP9Y',)
INFO:root:Cannot find Protein: ('WDFY3',)
INFO:root:Cannot find Protein: ('TNIK',)
INFO:root:Cannot find Protein: ('TNNT1',)
INFO:root:Cannot find Protein: ('TNS4',)
INFO:root:Cannot find Protein: ('TNS1',)
INFO:root:Cannot find Protein: ('TNXB',)
INFO:root:Cannot find Protein: ('VCX',)
INFO:root:Cannot find Protein: ('TOP3B',)
INFO:root:Cannot find Protein: ('VPS13D',)
INFO:root:Cannot find Protein: ('VGLL3',)
INFO:root:Cannot find Protein: ('WFDC3',)
INFO:root:Cannot find Protein: ('TP53BP2',)
INFO:root:Cannot find Protein: ('VCY',)
INFO:root:Cannot find Protein: ('VPS13B',)
INFO:root:Cannot find Protein: ('WDR59',)
INFO:root:Cannot find Protein: ('WDR5',)
INFO:root:Cannot find Protein: ('TOPBP1',)
INFO:root:Cannot find Protein: ('TPCN1',)
INFO:root:Cannot find Protein: ('TPD52L2',)
INFO:root:Cannot find Protein: ('VIT',)
INFO:root:Cannot find Protein: ('VKORC1L1',)
INFO:root:Cannot find Protein: ('VWA3B',)
INFO:root:Cannot find Protein: ('UTP18',)
INFO:root:Cannot find Protein: ('TPRG1',)
INFO:root:Cannot find Protein: ('VIM',)
INFO:root:Cannot find Protein: ('WDR73',)
INFO:root:Cannot find Protein: ('VILL',)
INFO:root:Cannot find Protein: ('VAX2',)
INFO:root:Cannot find Protein: ('WDR90',)
INFO:root:Cannot find Protein: ('USF2',)
INFO:root:Cannot find Protein: ('USH2A',)
INFO:root:Cannot find Protein: ('TEP1',)
INFO:root:Cannot find Protein: ('VPS13A',)
INFO:root:Cannot find Protein: ('USP21',)
INFO:root:Cannot find Protein: ('USP54',)
INFO:root:Cannot find Protein: ('TMEM245',)
INFO:root:Cannot find Protein: ('TMEM254',)
INFO:root:Cannot find Protein: ('TMEM165',)
INFO:root:Cannot find Protein: ('TCAP',)
INFO:root:Cannot find Protein: ('TMEM259',)
INFO:root:Cannot find Protein: ('TERB1',)
INFO:root:Cannot find Protein: ('TMEM184B',)
INFO:root:Cannot find Protein: ('TESPA1',)
INFO:root:Cannot find Protein: ('TMEM45B',)
INFO:root:Cannot find Protein: ('TEX2',)
INFO:root:Cannot find Protein: ('TEX15',)
INFO:root:Cannot find Protein: ('TRIM8',)
INFO:root:Cannot find Protein: ('TM2D3',)
INFO:root:Cannot find Protein: ('TMEM168',)
INFO:root:Cannot find Protein: ('TMEM214',)
INFO:root:Cannot find Protein: ('TMEM276',)
INFO:root:Cannot find Protein: ('TGFA',)
INFO:root:Cannot find Protein: ('STXBP2',)
INFO:root:Cannot find Protein: ('TSR3',)
INFO:root:Cannot find Protein: ('THADA',)
INFO:root:Cannot find Protein: ('TGM1',)
INFO:root:Cannot find Protein: ('THAP4',)
INFO:root:Cannot find Protein: ('TMEM220',)
INFO:root:Cannot find Protein: ('THOC2',)
INFO:root:Cannot find Protein: ('THOC7',)
INFO:root:Cannot find Protein: ('THOP1',)
INFO:root:Cannot find Protein: ('TIMM23',)
INFO:root:Cannot find Protein: ('TM2D1',)
INFO:root:Cannot find Protein: ('TMEM132A',)
INFO:root:Cannot find Protein: ('TMEM131',)
INFO:root:Cannot find Protein: ('TLL1',)
INFO:root:Cannot find Protein: ('TMEM116',)
INFO:root:Cannot find Protein: ('TMEM222',)
INFO:root:Cannot find Protein: ('TRANK1',)
INFO:root:Cannot find Protein: ('TULP4',)
INFO:root:Cannot find Protein: ('TRAP1',)
INFO:root:Cannot find Protein: ('TMSB15C',)
INFO:root:Cannot find Protein: ('TWF2',)
INFO:root:Cannot find Protein: ('TPRX2',)
INFO:root:Cannot find Protein: ('TXNL1',)
INFO:root:Cannot find Protein: ('TRAF4',)
INFO:root:Cannot find Protein: ('TRAF7',)
INFO:root:Cannot find Protein: ('TRDN',)
INFO:root:Cannot find Protein: ('TULP1',)
INFO:root:Cannot find Protein: ('TRAF3IP3',)
INFO:root:Cannot find Protein: ('UCHL3',)
INFO:root:Cannot find Protein: ('UBR3',)
INFO:root:Cannot find Protein: ('TWSG1',)
INFO:root:Cannot find Protein: ('UCK2',)
INFO:root:Cannot find Protein: ('TRIM37',)
INFO:root:Cannot find Protein: ('UNC13B',)
INFO:root:Cannot find Protein: ('TRIM4',)
INFO:root:Cannot find Protein: ('TTLL8',)
INFO:root:Cannot find Protein: ('USP19',)
INFO:root:Cannot find Protein: ('TUBGCP3',)
INFO:root:Cannot find Protein: ('TUBA4A',)
INFO:root:Cannot find Protein: ('UBFD1',)
INFO:root:Cannot find Protein: ('UNC5A',)
INFO:root:Cannot find Protein: ('TTC17',)
INFO:root:Cannot find Protein: ('TRMT61A',)
INFO:root:Cannot find Protein: ('UBA2',)
INFO:root:Cannot find Protein: ('TRUB1',)
INFO:root:Cannot find Protein: ('TXNDC16',)
INFO:root:Cannot find Protein: ('TRPM3',)
INFO:root:Cannot find Protein: ('TYRO3',)
INFO:root:Cannot find Protein: ('UBE2O',)
INFO:root:Cannot find Protein: ('TSC22D1',)
INFO:root:Cannot find Protein: ('UNC79',)
INFO:root:Cannot find Protein: ('TTC19',)
INFO:root:Cannot find Protein: ('TTC21B',)
INFO:root:Cannot find Protein: ('TWIST1',)
INFO:root:Cannot find Protein: ('TTC38',)
INFO:root:Cannot find Protein: ('TUBGCP5',)
INFO:root:Cannot find Protein: ('TSPOAP1',)
INFO:root:Cannot find Protein: ('ZNF18',)
INFO:root:Cannot find Protein: ('ZNF205',)
INFO:root:Cannot find Protein: ('XIRP2',)
INFO:root:Cannot find Protein: ('ZIC1',)
INFO:root:Cannot find Protein: ('ZNF292',)
INFO:root:Cannot find Protein: ('UTP6',)
INFO:root:Cannot find Protein: ('UTP4',)
INFO:root:Cannot find Protein: ('ZNF236',)
INFO:root:Cannot find Protein: ('XRN1',)
INFO:root:Cannot find Protein: ('ZMYM5',)
INFO:root:Cannot find Protein: ('ZNF318',)
INFO:root:Cannot find Protein: ('YIF1B',)
INFO:root:Cannot find Protein: ('YLPM1',)
INFO:root:Cannot find Protein: ('YPEL5',)
INFO:root:Cannot find Protein: ('ZNF552',)
INFO:root:Cannot find Protein: ('ZBBX',)
INFO:root:Cannot find Protein: ('ZNF397',)
INFO:root:Cannot find Protein: ('YTHDC1',)
INFO:root:Cannot find Protein: ('ZAN',)
INFO:root:Cannot find Protein: ('ZBP1',)
INFO:root:Cannot find Protein: ('ZBTB44',)
INFO:root:Cannot find Protein: ('ZNF212',)
INFO:root:Cannot find Protein: ('ZC3H13',)
INFO:root:Cannot find Protein: ('ZC3H11C',)
INFO:root:Cannot find Protein: ('ZNF185',)
INFO:root:Cannot find Protein: ('ZNF430',)
INFO:root:Cannot find Protein: ('ZCCHC7',)
INFO:root:Cannot find Protein: ('ZCCHC4',)
INFO:root:Cannot find Protein: ('ZCCHC10',)
INFO:root:Cannot find Protein: ('ZNF516',)
INFO:root:Cannot find Protein: ('ZDHHC17',)
INFO:root:Cannot find Protein: ('ZNF423',)
INFO:root:Cannot find Protein: ('ZNF417',)
INFO:root:Cannot find Protein: ('ZFHX3',)
INFO:root:Cannot find Protein: ('ZNF469',)
INFO:root:Cannot find Protein: ('ZFTRAF1',)
INFO:root:Execution time: 4138.32 seconds
